<?xml version="1.0" encoding="UTF-8"?>
<!-- Generated by org.testng.reporters.JUnitXMLReporter -->
<testsuite ignored="0" hostname="IN-PG02P63S" failures="0" tests="3" name="Default test" time="6.047" errors="0" timestamp="03 Mar 2022 14:12:32 GMT">
  <testcase classname="com.AssignmentSelenium.tests.BaseTest" name="initializeWebdriver" time="1.465"/>
  <testcase classname="com.AssignmentSelenium.tests.BaseTest" name="openBrowser" time="1.925"/>
  <testcase classname="com.AssignmentSelenium.tests.RegisterTest" name="register" time="2.633"/>
</testsuite> <!-- Default test -->
