<?xml version="1.0" encoding="UTF-8"?>
<!-- Generated by org.testng.reporters.JUnitXMLReporter -->
<testsuite ignored="0" hostname="IN-PG02P63S" failures="0" tests="3" name="Default test" time="16.866" errors="0" timestamp="05 Mar 2022 11:40:28 GMT">
  <testcase classname="com.AssignmentSelenium.tests.BaseTest" name="initializeWebdriver" time="1.774"/>
  <testcase classname="com.AssignmentSelenium.tests.BaseTest" name="openBrowser" time="1.48"/>
  <testcase classname="com.AssignmentSelenium.tests.SearchMenShoesTest" name="productSearch" time="13.589"/>
</testsuite> <!-- Default test -->
