<?xml version="1.0" encoding="UTF-8"?>
<testng-results ignored="0" total="3" passed="3" failed="0" skipped="0">
  <reporter-output>
  </reporter-output>
  <suite started-at="2022-03-03T14:12:26Z" name="Default suite" finished-at="2022-03-03T14:12:32Z" duration-ms="6047">
    <groups>
    </groups>
    <test started-at="2022-03-03T14:12:26Z" name="Default test" finished-at="2022-03-03T14:12:32Z" duration-ms="6047">
      <class name="com.AssignmentSelenium.tests.RegisterTest">
        <test-method signature="initializeWebdriver()[pri:0, instance:com.AssignmentSelenium.tests.RegisterTest@23202fce]" started-at="2022-03-03T14:12:26Z" name="initializeWebdriver" finished-at="2022-03-03T14:12:28Z" duration-ms="1465" status="PASS">
          <reporter-output>
          </reporter-output>
        </test-method> <!-- initializeWebdriver -->
        <test-method signature="openBrowser()[pri:0, instance:com.AssignmentSelenium.tests.RegisterTest@23202fce]" started-at="2022-03-03T14:12:28Z" name="openBrowser" finished-at="2022-03-03T14:12:30Z" duration-ms="1925" status="PASS">
          <reporter-output>
          </reporter-output>
        </test-method> <!-- openBrowser -->
        <test-method signature="register()[pri:0, instance:com.AssignmentSelenium.tests.RegisterTest@23202fce]" started-at="2022-03-03T14:12:30Z" name="register" finished-at="2022-03-03T14:12:32Z" duration-ms="2633" status="PASS">
          <reporter-output>
          </reporter-output>
        </test-method> <!-- register -->
      </class> <!-- com.AssignmentSelenium.tests.RegisterTest -->
    </test> <!-- Default test -->
  </suite> <!-- Default suite -->
</testng-results>
