<?xml version="1.0" encoding="UTF-8"?>
<testng-results ignored="0" total="1" passed="1" failed="0" skipped="0">
  <reporter-output>
  </reporter-output>
  <suite started-at="2022-03-07T20:29:04 IST" name="Default suite" finished-at="2022-03-07T20:29:08 IST" duration-ms="4033">
    <groups>
    </groups>
    <test started-at="2022-03-07T20:29:04 IST" name="Default test" finished-at="2022-03-07T20:29:08 IST" duration-ms="4033">
      <class name="com.AssignmentSelenium.tests.FireTVTest">
        <test-method is-config="true" signature="initializeWebdriver()[pri:0, instance:com.AssignmentSelenium.tests.FireTVTest@505fc5a4]" started-at="2022-03-07T20:29:02 IST" name="initializeWebdriver" finished-at="2022-03-07T20:29:04 IST" duration-ms="1779" status="PASS">
          <reporter-output>
          </reporter-output>
        </test-method> <!-- initializeWebdriver -->
        <test-method is-config="true" signature="setExtent()[pri:0, instance:com.AssignmentSelenium.tests.FireTVTest@505fc5a4]" started-at="2022-03-07T20:29:04 IST" name="setExtent" finished-at="2022-03-07T20:29:04 IST" duration-ms="183" status="PASS">
          <reporter-output>
          </reporter-output>
        </test-method> <!-- setExtent -->
        <test-method is-config="true" signature="openBrowser()[pri:0, instance:com.AssignmentSelenium.tests.FireTVTest@505fc5a4]" started-at="2022-03-07T20:29:04 IST" name="openBrowser" finished-at="2022-03-07T20:29:06 IST" duration-ms="1466" status="PASS">
          <reporter-output>
          </reporter-output>
        </test-method> <!-- openBrowser -->
        <test-method is-config="true" signature="startTest(java.lang.reflect.Method)[pri:0, instance:com.AssignmentSelenium.tests.FireTVTest@505fc5a4]" started-at="2022-03-07T20:29:06 IST" name="startTest" finished-at="2022-03-07T20:29:06 IST" duration-ms="3" status="PASS">
          <params>
            <param index="0">
              <value>
                <![CDATA[public void com.AssignmentSelenium.tests.FireTVTest.FireTV()]]>
              </value>
            </param>
          </params>
          <reporter-output>
          </reporter-output>
        </test-method> <!-- startTest -->
        <test-method signature="FireTV()[pri:0, instance:com.AssignmentSelenium.tests.FireTVTest@505fc5a4]" started-at="2022-03-07T20:29:06 IST" name="FireTV" finished-at="2022-03-07T20:29:08 IST" duration-ms="2539" status="PASS">
          <reporter-output>
          </reporter-output>
        </test-method> <!-- FireTV -->
        <test-method is-config="true" signature="endTest()[pri:0, instance:com.AssignmentSelenium.tests.FireTVTest@505fc5a4]" started-at="2022-03-07T20:29:08 IST" name="endTest" finished-at="2022-03-07T20:29:08 IST" duration-ms="1" status="PASS">
          <reporter-output>
          </reporter-output>
        </test-method> <!-- endTest -->
        <test-method is-config="true" signature="closeBrowser()[pri:0, instance:com.AssignmentSelenium.tests.FireTVTest@505fc5a4]" started-at="2022-03-07T20:29:08 IST" name="closeBrowser" finished-at="2022-03-07T20:29:09 IST" duration-ms="854" status="PASS">
          <reporter-output>
          </reporter-output>
        </test-method> <!-- closeBrowser -->
        <test-method is-config="true" signature="endReport()[pri:0, instance:com.AssignmentSelenium.tests.FireTVTest@505fc5a4]" started-at="2022-03-07T20:29:09 IST" name="endReport" finished-at="2022-03-07T20:29:09 IST" duration-ms="148" status="PASS">
          <reporter-output>
          </reporter-output>
        </test-method> <!-- endReport -->
      </class> <!-- com.AssignmentSelenium.tests.FireTVTest -->
    </test> <!-- Default test -->
  </suite> <!-- Default suite -->
</testng-results>
