<?xml version="1.0" encoding="UTF-8"?>
<testng-results ignored="0" total="3" passed="3" failed="0" skipped="0">
  <reporter-output>
  </reporter-output>
  <suite started-at="2022-03-05T11:40:11Z" name="Default suite" finished-at="2022-03-05T11:40:28Z" duration-ms="16866">
    <groups>
    </groups>
    <test started-at="2022-03-05T11:40:11Z" name="Default test" finished-at="2022-03-05T11:40:28Z" duration-ms="16866">
      <class name="com.AssignmentSelenium.tests.SearchMenShoesTest">
        <test-method signature="initializeWebdriver()[pri:0, instance:com.AssignmentSelenium.tests.SearchMenShoesTest@3224a577]" started-at="2022-03-05T11:40:11Z" name="initializeWebdriver" finished-at="2022-03-05T11:40:13Z" duration-ms="1774" status="PASS">
          <reporter-output>
          </reporter-output>
        </test-method> <!-- initializeWebdriver -->
        <test-method signature="openBrowser()[pri:0, instance:com.AssignmentSelenium.tests.SearchMenShoesTest@3224a577]" started-at="2022-03-05T11:40:13Z" name="openBrowser" finished-at="2022-03-05T11:40:14Z" duration-ms="1480" status="PASS">
          <reporter-output>
          </reporter-output>
        </test-method> <!-- openBrowser -->
        <test-method signature="productSearch()[pri:0, instance:com.AssignmentSelenium.tests.SearchMenShoesTest@3224a577]" started-at="2022-03-05T11:40:14Z" name="productSearch" finished-at="2022-03-05T11:40:28Z" duration-ms="13589" status="PASS">
          <reporter-output>
          </reporter-output>
        </test-method> <!-- productSearch -->
        <test-method is-config="true" signature="closeBrowser()[pri:0, instance:com.AssignmentSelenium.tests.SearchMenShoesTest@3224a577]" started-at="2022-03-05T11:40:28Z" name="closeBrowser" finished-at="2022-03-05T11:40:28Z" duration-ms="92" status="PASS">
          <reporter-output>
          </reporter-output>
        </test-method> <!-- closeBrowser -->
      </class> <!-- com.AssignmentSelenium.tests.SearchMenShoesTest -->
    </test> <!-- Default test -->
  </suite> <!-- Default suite -->
</testng-results>
